20210903  5
--------
20210830
20210831
20210901
20210902
20210903
heliStackWide-20210903-5d-1s.png
20220105  5
--------
20220101
20220102
20220103
20220104
20220105
heliStackWide-20220105-5d-1s.png
20231006  5
--------
20231002
20231003
20231004
20231005
20231006
heliStackWide-20231006-5d-1s.png
20231006  5
--------
20231002
20231003
20231004
20231005
20231006
heliStackWide-20231006-5d-1s.png
20231204  5
--------
20231130
20231201
20231202
20231203
20231204
heliStackWide-20231204-5d-1s.png
20240201  5
--------
20240128
20240129
20240130
20240131
20240201
heliStackWide-20240201-5d-1s.png
20240210  5
--------
20240206
20240207
20240208
20240209
20240210
heliStackWide-20240210-5d-1s.png
20240503  5
--------
20240429
20240430
20240501
20240502
20240503
heliStackWide-20240503-5d-1s.png
20240506  5
--------
20240502
20240503
20240504
20240505
20240506
heliStackWide-20240506-5d-1s.png
20240509  5
--------
20240505
20240506
20240507
20240508
20240509
heliStackWide-20240509-5d-1s.png
20240515  5
--------
20240511
20240512
20240513
20240514
20240515
heliStackWide-20240515-5d-1s.png
20240521  5
--------
20240517
20240518
20240519
20240520
20240521
heliStackWide-20240521-5d-1s.png
20240616  5
--------
20240612
20240613
20240614
20240615
20240616
heliStackWide-20240616-5d-1s.png
20240619  5
--------
20240615
20240616
20240617
20240618
20240619
heliStackWide-20240619-5d-1s.png
20240819  5
--------
20240815
20240816
20240817
20240818
20240819
heliStackWide-20240819-5d-1s.png
20240827  5
--------
20240823
20240824
20240825
20240826
20240827
heliStackWide-20240827-5d-1s.png
20240911  5
--------
20240907
20240908
20240909
20240910
20240911
heliStackWide-20240911-5d-1s.png
20240928  5
--------
20240924
20240925
20240926
20240927
20240928
heliStackWide-20240928-5d-1s.png
20241108  5
--------
20241104
20241105
20241106
20241107
20241108
heliStackWide-20241108-5d-1s.png
20241121  5
--------
20241117
20241118
20241119
20241120
20241121
heliStackWide-20241121-5d-1s.png
